<?xml version="1.0" encoding="UTF-8"?>
<!-- Generated by org.testng.reporters.JUnitXMLReporter -->
<testsuite hostname="01HW510223" name="Test" tests="5" failures="5" timestamp="28 Mar 2017 10:08:53 GMT" time="0.12" errors="0">
  <testcase name="logintest" time="0.07" classname="avnfunctionaltest.Functionaltest">
    <failure type="java.lang.IllegalStateException" message="The driver executable does not exist: C:\lib\chromedriver.exe">
      <![CDATA[java.lang.IllegalStateException: The driver executable does not exist: C:\lib\chromedriver.exe
	at com.google.common.base.Preconditions.checkState(Preconditions.java:199)
	at org.openqa.selenium.remote.service.DriverService.checkExecutable(DriverService.java:121)
	at org.openqa.selenium.remote.service.DriverService.findExecutable(DriverService.java:116)
	at org.openqa.selenium.chrome.ChromeDriverService.access$000(ChromeDriverService.java:32)
	at org.openqa.selenium.chrome.ChromeDriverService$Builder.findDefaultExecutable(ChromeDriverService.java:137)
	at org.openqa.selenium.remote.service.DriverService$Builder.build(DriverService.java:296)
	at org.openqa.selenium.chrome.ChromeDriverService.createDefaultService(ChromeDriverService.java:88)
	at org.openqa.selenium.chrome.ChromeDriver.<init>(ChromeDriver.java:116)
	at avnfunctionaltest.Functionaltest.logintest(Functionaltest.java:22)
... Removed 24 stack frames]]>
    </failure>
  </testcase> <!-- logintest -->
  <testcase name="viewrepairticket" time="0.01" classname="avnfunctionaltest.Functionaltest">
    <failure type="java.lang.NullPointerException">
      <![CDATA[java.lang.NullPointerException
	at avnfunctionaltest.Functionaltest.viewrepairticket(Functionaltest.java:41)
... Removed 24 stack frames]]>
    </failure>
  </testcase> <!-- viewrepairticket -->
  <testcase name="createrepairticket" time="0.01" classname="avnfunctionaltest.Functionaltest">
    <failure type="java.lang.NullPointerException">
      <![CDATA[java.lang.NullPointerException
	at avnfunctionaltest.Functionaltest.createrepairticket(Functionaltest.java:56)
... Removed 24 stack frames]]>
    </failure>
  </testcase> <!-- createrepairticket -->
  <testcase name="pageredirection" time="0.0" classname="avnfunctionaltest.Functionaltest">
    <failure type="java.lang.NullPointerException">
      <![CDATA[java.lang.NullPointerException
	at avnfunctionaltest.Functionaltest.pageredirection(Functionaltest.java:75)
... Removed 24 stack frames]]>
    </failure>
  </testcase> <!-- pageredirection -->
  <testcase name="logouttest" time="0.01" classname="avnfunctionaltest.Functionaltest">
    <failure type="java.lang.NullPointerException">
      <![CDATA[java.lang.NullPointerException
	at avnfunctionaltest.Functionaltest.logouttest(Functionaltest.java:89)
... Removed 24 stack frames]]>
    </failure>
  </testcase> <!-- logouttest -->
</testsuite> <!-- Test -->
