<?xml version="1.0" encoding="UTF-8"?>
<testng-results skipped="0" failed="0" total="5" passed="5">
  <reporter-output>
  </reporter-output>
  <suite name="Default suite" duration-ms="21683" started-at="2017-03-28T12:56:39Z" finished-at="2017-03-28T12:57:01Z">
    <groups>
    </groups>
    <test name="Default test" duration-ms="21683" started-at="2017-03-28T12:56:39Z" finished-at="2017-03-28T12:57:01Z">
      <class name="avnfunctionaltest.Functionaltest">
        <test-method status="PASS" signature="logintest()[pri:0, instance:avnfunctionaltest.Functionaltest@945d2d]" name="logintest" duration-ms="11226" started-at="2017-03-28T18:26:39Z" finished-at="2017-03-28T18:26:50Z">
          <reporter-output>
          </reporter-output>
        </test-method> <!-- logintest -->
        <test-method status="PASS" signature="viewrepairticket()[pri:0, instance:avnfunctionaltest.Functionaltest@945d2d]" name="viewrepairticket" duration-ms="4836" started-at="2017-03-28T18:26:50Z" finished-at="2017-03-28T18:26:55Z">
          <reporter-output>
          </reporter-output>
        </test-method> <!-- viewrepairticket -->
        <test-method status="PASS" signature="createrepairticket()[pri:0, instance:avnfunctionaltest.Functionaltest@945d2d]" name="createrepairticket" duration-ms="1481" started-at="2017-03-28T18:26:55Z" finished-at="2017-03-28T18:26:57Z">
          <reporter-output>
          </reporter-output>
        </test-method> <!-- createrepairticket -->
        <test-method status="PASS" signature="pageredirection()[pri:0, instance:avnfunctionaltest.Functionaltest@945d2d]" name="pageredirection" duration-ms="1336" started-at="2017-03-28T18:26:57Z" finished-at="2017-03-28T18:26:58Z">
          <reporter-output>
          </reporter-output>
        </test-method> <!-- pageredirection -->
        <test-method status="PASS" signature="logouttest()[pri:0, instance:avnfunctionaltest.Functionaltest@945d2d]" name="logouttest" duration-ms="2795" started-at="2017-03-28T18:26:58Z" finished-at="2017-03-28T18:27:01Z">
          <reporter-output>
          </reporter-output>
        </test-method> <!-- logouttest -->
      </class> <!-- avnfunctionaltest.Functionaltest -->
    </test> <!-- Default test -->
  </suite> <!-- Default suite -->
</testng-results>
